Detecting compiler hash for triplet x64-windows...
Compiler found: C:/Program Files (x86)/Microsoft Visual Studio/18/BuildTools/VC/Tools/MSVC/14.50.35717/bin/Hostx64/x64/cl.exe
The following packages will be built and installed:
    curl[core,non-http,ssl,sspi]:x64-windows@8.20.0
    nlohmann-json:x64-windows@3.12.0#2
  * vcpkg-cmake:x64-windows@2024-04-23
  * vcpkg-cmake-config:x64-windows@2024-05-23
  * zlib:x64-windows@1.3.2
Additional packages (*) will be modified to complete this operation.
Restored 5 package(s) from C:\Users\aschw\AppData\Local\vcpkg\archives in 169 ms. Use --debug to see more details.
Installing 1/5 vcpkg-cmake-config:x64-windows@2024-05-23...
vcpkg-cmake-config:x64-windows@2024-05-23 package ABI: 1b65bf46405756dc0f84d6dbd413e92faf4b4f5e9e4e357ef813006a941c7205
Elapsed time to handle vcpkg-cmake-config:x64-windows: 65.5 ms
Installing 2/5 vcpkg-cmake:x64-windows@2024-04-23...
vcpkg-cmake:x64-windows@2024-04-23 package ABI: 671484bdbf77201c9b1f9995be850b875a40e0793ca545dfdee2f426e568b7f3
Elapsed time to handle vcpkg-cmake:x64-windows: 92.5 ms
Installing 3/5 zlib:x64-windows@1.3.2...
zlib:x64-windows@1.3.2 package ABI: 4ca0a2c6df60255c35165c66584dddf543e6cbf0bd3f369542cf0a098d0b5aa6
Elapsed time to handle zlib:x64-windows: 93.6 ms
Installing 4/5 curl[core,non-http,ssl,sspi]:x64-windows@8.20.0...
curl[core,non-http,ssl,sspi]:x64-windows@8.20.0 package ABI: 081c00bd2a13d5cf67894e620342adfc4774d93037ec92bf3cc218641edba080
Elapsed time to handle curl:x64-windows: 160 ms
Installing 5/5 nlohmann-json:x64-windows@3.12.0#2...
nlohmann-json:x64-windows@3.12.0#2 package ABI: bc1a7133da1b4195e7055ffa05ba20347bd152504e82322967069142941d5349
Elapsed time to handle nlohmann-json:x64-windows: 76.3 ms
Installed contents are licensed to you by owners. Microsoft is not responsible for, nor does it grant any licenses to, third-party packages.
Packages installed in this vcpkg installation declare the following licenses:
BSD-3-Clause
ISC
MIT
Zlib
curl
curl is compatible with built-in CMake targets:

    find_package(CURL REQUIRED)
    target_link_libraries(main PRIVATE CURL::libcurl)

The package nlohmann-json provides CMake targets:

    find_package(nlohmann_json CONFIG REQUIRED)
    target_link_libraries(main PRIVATE nlohmann_json::nlohmann_json)

The package nlohmann-json can be configured to not provide implicit conversions via a custom triplet file:

    set(nlohmann-json_IMPLICIT_CONVERSIONS OFF)

For more information, see the docs here:
    
    https://json.nlohmann.me/api/macros/json_use_implicit_conversions/

All requested installations completed successfully in: 493 ms
